05/07/15::17:55:14: OptTorque running on fangubuntu 
05/07/15::17:55:14: Found mesh file /home/eunnie12/Documents/LinkDropbox/Data/BEM/F00_MeshData/RoundedPoly_20150302/N3_400nm_Mesh60nm.msh 
05/07/15::17:55:14: Flipped 0 panel normals to comport with region definitions. 
05/07/15::17:55:14: Preloading FIPPI records from file /home/eunnie12/Documents/LinkDropbox/Data/BEM/F00_MeshData/RoundedPoly_20150302_Cache/N3_400nm_Mesh60nm.scuffcache... 
05/07/15::17:55:14:  ...successfully preloaded 78192 FIPPI records. 
05/07/15::17:55:14: Working at frequency 10.472... 
05/07/15::17:55:14: Assembling BEM matrix... 
05/07/15::17:55:14: Assembling BEM matrix block (0,0) 
05/07/15::17:55:16: Assembling RHS vector... 
05/07/15::17:55:16: FIPPI cache unchanged since reading from /home/eunnie12/Documents/LinkDropbox/Data/BEM/F00_MeshData/RoundedPoly_20150302_Cache/N3_400nm_Mesh60nm.scuffcache (skipping cache dump) 
05/07/15::17:55:16:   Assembling the RHS vector... 
05/07/15::17:55:16: GetIntegratedIntensity: Assembling S 
05/07/15::17:55:17:   LU-factorizing BEM matrix... 
05/07/15::17:55:18:   Solving the BEM system... 
05/07/15::17:55:18: Creating flux plot for surface /home/eunnie12/Documents/LinkDropbox/Data/BEM/F00_MeshData/FVDSI/FVMesh_N0_4um.msh... 
/home/eunnie12/git/scuff-em-installation/lib/libscuff.so.0(+0x65b53)[0x7f522790bb53]
/lib/x86_64-linux-gnu/libc.so.6(+0x36d40)[0x7f5226cf7d40]
/home/eunnie12/git/scuff-em-installation/lib/libscuff.so.0(+0x5038c)[0x7f52278f638c]
/usr/lib/x86_64-linux-gnu/libgomp.so.1(+0x834a)[0x7f522568634a]
/lib/x86_64-linux-gnu/libpthread.so.0(+0x8182)[0x7f522514f182]
/lib/x86_64-linux-gnu/libc.so.6(clone+0x6d)[0x7f5226dbb47d]


**<><> received signal 11 

05/07/15::18:08:06: OptTorque running on fangubuntu 
05/07/15::18:08:06: Found mesh file /home/eunnie12/Documents/LinkDropbox/Data/BEM/F00_MeshData/RoundedPoly_20150302/N3_400nm_Mesh60nm.msh 
05/07/15::18:08:06: Flipped 0 panel normals to comport with region definitions. 
05/07/15::18:08:06: Working at frequency 10.47... 
05/07/15::18:08:06: Assembling BEM matrix... 
05/07/15::18:08:06: Assembling BEM matrix block (0,0) 
05/07/15::18:08:13: Assembling RHS vector... 
05/07/15::18:08:13:   Assembling the RHS vector... 
05/07/15::18:08:13: GetIntegratedIntensity: Assembling S 
05/07/15::18:08:14:   LU-factorizing BEM matrix... 
05/07/15::18:08:15:   Solving the BEM system... 
05/07/15::18:08:15: Creating flux plot for surface /home/eunnie12/Documents/LinkDropbox/Data/BEM/F00_MeshData/FVDSI/FVMesh_N0_4um.msh... 
05/07/15::18:09:13: OptTorque running on fangubuntu 
05/07/15::18:09:13: Found mesh file /home/eunnie12/Documents/LinkDropbox/Data/BEM/F00_MeshData/RoundedPoly_20150302/N3_400nm_Mesh60nm.msh 
05/07/15::18:09:13: Flipped 0 panel normals to comport with region definitions. 
05/07/15::18:09:13: Working at frequency 10.47... 
05/07/15::18:09:13: Assembling BEM matrix... 
05/07/15::18:09:13: Assembling BEM matrix block (0,0) 
05/07/15::18:09:20: Assembling RHS vector... 
05/07/15::18:09:20:   Assembling the RHS vector... 
05/07/15::18:09:20: GetIntegratedIntensity: Assembling S 
05/07/15::18:09:20:   LU-factorizing BEM matrix... 
05/07/15::18:09:21:   Solving the BEM system... 
05/07/15::18:09:21: Creating flux plot for surface /home/eunnie12/Documents/LinkDropbox/Data/BEM/F00_MeshData/FVDSI/FVMesh_N0_4um.msh... 
05/07/15::18:12:38: OptTorque running on fangubuntu 
05/07/15::18:12:38: Found mesh file /home/eunnie12/Documents/LinkDropbox/Data/BEM/F00_MeshData/RoundedPoly_20150302/N3_400nm_Mesh60nm.msh 
05/07/15::18:12:38: Flipped 0 panel normals to comport with region definitions. 
05/07/15::18:12:38: Working at frequency 10.47... 
05/07/15::18:12:38: Assembling BEM matrix... 
05/07/15::18:12:38: Assembling BEM matrix block (0,0) 
05/07/15::18:12:44: Assembling RHS vector... 
05/07/15::18:12:44:   Assembling the RHS vector... 
05/07/15::18:12:44: GetIntegratedIntensity: Assembling S 
05/07/15::18:12:45:   LU-factorizing BEM matrix... 
05/07/15::18:12:46:   Solving the BEM system... 
05/07/15::18:12:46: Creating flux plot for surface /home/eunnie12/Documents/LinkDropbox/Data/BEM/F00_MeshData/FVDSI/FVMesh_N0_4um.msh... 
